<?xml version="1.0" encoding="UTF-8"?>
<!-- Generated by org.testng.reporters.JUnitReportReporter -->
<testsuite hostname="LAPTOP-UJACL8U6" failures="0" tests="1" name="ReadExcel" time="1.352" errors="0" timestamp="2025-03-23T01:53:49 IST" skipped="0">
  <testcase classname="ReadExcel" name="readTestCases" time="1.352"/>
</testsuite> <!-- ReadExcel -->
